<?xml version="1.0" encoding="UTF-8"?>
<!-- Generated by org.testng.reporters.JUnitXMLReporter -->
<testsuite ignored="0" hostname="LAPTOP-EGV1IEV2" failures="5" tests="31" name="Surefire test" time="0.189" errors="0" timestamp="2024-11-17T23:12:37 ICT">
  <testcase classname="com.mycompany.nhom09.lop02.BankAccountTest$ConstructorTest" name="testConstructor[CT009] on testConstructor[CT009](com.mycompany.nhom09.lop02.BankAccountTest$ConstructorTest)" time="0.033"/>
  <testcase classname="com.mycompany.nhom09.lop02.BankAccountTest$ConstructorTest" name="testConstructor[CT010] on testConstructor[CT010](com.mycompany.nhom09.lop02.BankAccountTest$ConstructorTest)" time="0.039"/>
  <testcase classname="com.mycompany.nhom09.lop02.BankAccountTest$ConstructorTest" name="testConstructor[CT011] on testConstructor[CT011](com.mycompany.nhom09.lop02.BankAccountTest$ConstructorTest)" time="0.047"/>
  <testcase classname="com.mycompany.nhom09.lop02.BankAccountTest$ConstructorTest" name="testConstructor[CT012] on testConstructor[CT012](com.mycompany.nhom09.lop02.BankAccountTest$ConstructorTest)" time="0.052">
    <failure type="java.lang.AssertionError" message="Thông báo ngoại lệ mong đợi: &amp;quot;null&amp;quot;, nhưng nhận được: &amp;quot;Tên chủ tài khoản không được chỉ chứa khoảng trắng.&amp;quot;.">
      <![CDATA[java.lang.AssertionError: Thông báo ngoại lệ mong đợi: "null", nhưng nhận được: "Tên chủ tài khoản không được chỉ chứa khoảng trắng.".
at org.junit.Assert.fail(Assert.java:89)
at org.junit.Assert.assertTrue(Assert.java:42)
at com.mycompany.nhom09.lop02.BankAccountTest$ConstructorTest.testConstructor(BankAccountTest.java:126)
at org.junit.runners.model.FrameworkMethod$1.runReflectiveCall(FrameworkMethod.java:59)
at org.junit.internal.runners.model.ReflectiveCallable.run(ReflectiveCallable.java:12)
at org.junit.runners.model.FrameworkMethod.invokeExplosively(FrameworkMethod.java:56)
at org.junit.internal.runners.statements.InvokeMethod.evaluate(InvokeMethod.java:17)
at org.junit.internal.runners.statements.RunBefores.evaluate(RunBefores.java:26)
at org.junit.internal.runners.statements.RunAfters.evaluate(RunAfters.java:27)
at org.junit.runners.ParentRunner$3.evaluate(ParentRunner.java:306)
at org.junit.runners.BlockJUnit4ClassRunner$1.evaluate(BlockJUnit4ClassRunner.java:100)
at org.junit.runners.ParentRunner.runLeaf(ParentRunner.java:366)
at org.junit.runners.BlockJUnit4ClassRunner.runChild(BlockJUnit4ClassRunner.java:103)
at org.junit.runners.BlockJUnit4ClassRunner.runChild(BlockJUnit4ClassRunner.java:63)
at org.junit.runners.ParentRunner$4.run(ParentRunner.java:331)
at org.junit.runners.ParentRunner$1.schedule(ParentRunner.java:79)
at org.junit.runners.ParentRunner.runChildren(ParentRunner.java:329)
at org.junit.runners.ParentRunner.access$100(ParentRunner.java:66)
at org.junit.runners.ParentRunner$2.evaluate(ParentRunner.java:293)
at org.junit.runners.ParentRunner.run(ParentRunner.java:413)
at org.junit.runners.Suite.runChild(Suite.java:128)
at org.junit.runners.Suite.runChild(Suite.java:27)
at org.junit.runners.ParentRunner$4.run(ParentRunner.java:331)
at org.junit.runners.ParentRunner$1.schedule(ParentRunner.java:79)
at org.junit.runners.ParentRunner.runChildren(ParentRunner.java:329)
at org.junit.runners.ParentRunner.access$100(ParentRunner.java:66)
at org.junit.runners.ParentRunner$2.evaluate(ParentRunner.java:293)
at org.junit.internal.runners.statements.RunBefores.evaluate(RunBefores.java:26)
at org.junit.internal.runners.statements.RunAfters.evaluate(RunAfters.java:27)
at org.junit.runners.ParentRunner$3.evaluate(ParentRunner.java:306)
at org.junit.runners.ParentRunner.run(ParentRunner.java:413)
at org.junit.runners.Suite.runChild(Suite.java:128)
at org.junit.runners.Suite.runChild(Suite.java:27)
at org.junit.runners.ParentRunner$4.run(ParentRunner.java:331)
at org.junit.runners.ParentRunner$1.schedule(ParentRunner.java:79)
at org.junit.runners.ParentRunner.runChildren(ParentRunner.java:329)
at org.junit.runners.ParentRunner.access$100(ParentRunner.java:66)
at org.junit.runners.ParentRunner$2.evaluate(ParentRunner.java:293)
at org.junit.internal.runners.statements.RunBefores.evaluate(RunBefores.java:26)
at org.junit.runners.ParentRunner$3.evaluate(ParentRunner.java:306)
at org.junit.runners.ParentRunner.run(ParentRunner.java:413)
at org.junit.runner.JUnitCore.run(JUnitCore.java:137)
at org.junit.runner.JUnitCore.run(JUnitCore.java:115)
at java.base/java.util.ArrayList.forEach(ArrayList.java:1597)
... Removed 26 stack frames]]>
    </failure>
  </testcase> <!-- testConstructor[CT012] on testConstructor[CT012](com.mycompany.nhom09.lop02.BankAccountTest$ConstructorTest) -->
  <testcase classname="com.mycompany.nhom09.lop02.BankAccountTest$GettersSettersAccountHolderTest" name="testGettersSettersAccountHolder[SH005] on testGettersSettersAccountHolder[SH005](com.mycompany.nhom09.lop02.BankAccountTest$GettersSettersAccountHolderTest)" time="0.061"/>
  <testcase classname="com.mycompany.nhom09.lop02.BankAccountTest$GettersSettersAccountHolderTest" name="testGettersSettersAccountHolder[SH006] on testGettersSettersAccountHolder[SH006](com.mycompany.nhom09.lop02.BankAccountTest$GettersSettersAccountHolderTest)" time="0.063">
    <failure type="java.lang.AssertionError" message="Ngoại lệ mong đợi: java.lang.IllegalArgumentException, nhưng nhận được: java.lang.IllegalArgumentException với thông báo: Tên chủ tài khoản không được chỉ chứa khoảng trắng.">
      <![CDATA[java.lang.AssertionError: Ngoại lệ mong đợi: java.lang.IllegalArgumentException, nhưng nhận được: java.lang.IllegalArgumentException với thông báo: Tên chủ tài khoản không được chỉ chứa khoảng trắng.
at org.junit.Assert.fail(Assert.java:89)
at org.junit.Assert.assertTrue(Assert.java:42)
at com.mycompany.nhom09.lop02.BankAccountTest$GettersSettersAccountHolderTest.testGettersSettersAccountHolder(BankAccountTest.java:185)
at org.junit.runners.model.FrameworkMethod$1.runReflectiveCall(FrameworkMethod.java:59)
at org.junit.internal.runners.model.ReflectiveCallable.run(ReflectiveCallable.java:12)
at org.junit.runners.model.FrameworkMethod.invokeExplosively(FrameworkMethod.java:56)
at org.junit.internal.runners.statements.InvokeMethod.evaluate(InvokeMethod.java:17)
at org.junit.internal.runners.statements.RunBefores.evaluate(RunBefores.java:26)
at org.junit.internal.runners.statements.RunAfters.evaluate(RunAfters.java:27)
at org.junit.runners.ParentRunner$3.evaluate(ParentRunner.java:306)
at org.junit.runners.BlockJUnit4ClassRunner$1.evaluate(BlockJUnit4ClassRunner.java:100)
at org.junit.runners.ParentRunner.runLeaf(ParentRunner.java:366)
at org.junit.runners.BlockJUnit4ClassRunner.runChild(BlockJUnit4ClassRunner.java:103)
at org.junit.runners.BlockJUnit4ClassRunner.runChild(BlockJUnit4ClassRunner.java:63)
at org.junit.runners.ParentRunner$4.run(ParentRunner.java:331)
at org.junit.runners.ParentRunner$1.schedule(ParentRunner.java:79)
at org.junit.runners.ParentRunner.runChildren(ParentRunner.java:329)
at org.junit.runners.ParentRunner.access$100(ParentRunner.java:66)
at org.junit.runners.ParentRunner$2.evaluate(ParentRunner.java:293)
at org.junit.runners.ParentRunner.run(ParentRunner.java:413)
at org.junit.runners.Suite.runChild(Suite.java:128)
at org.junit.runners.Suite.runChild(Suite.java:27)
at org.junit.runners.ParentRunner$4.run(ParentRunner.java:331)
at org.junit.runners.ParentRunner$1.schedule(ParentRunner.java:79)
at org.junit.runners.ParentRunner.runChildren(ParentRunner.java:329)
at org.junit.runners.ParentRunner.access$100(ParentRunner.java:66)
at org.junit.runners.ParentRunner$2.evaluate(ParentRunner.java:293)
at org.junit.runners.ParentRunner$3.evaluate(ParentRunner.java:306)
at org.junit.runners.ParentRunner.run(ParentRunner.java:413)
at org.junit.runners.Suite.runChild(Suite.java:128)
at org.junit.runners.Suite.runChild(Suite.java:27)
at org.junit.runners.ParentRunner$4.run(ParentRunner.java:331)
at org.junit.runners.ParentRunner$1.schedule(ParentRunner.java:79)
at org.junit.runners.ParentRunner.runChildren(ParentRunner.java:329)
at org.junit.runners.ParentRunner.access$100(ParentRunner.java:66)
at org.junit.runners.ParentRunner$2.evaluate(ParentRunner.java:293)
at org.junit.internal.runners.statements.RunBefores.evaluate(RunBefores.java:26)
at org.junit.runners.ParentRunner$3.evaluate(ParentRunner.java:306)
at org.junit.runners.ParentRunner.run(ParentRunner.java:413)
at org.junit.runner.JUnitCore.run(JUnitCore.java:137)
at org.junit.runner.JUnitCore.run(JUnitCore.java:115)
at java.base/java.util.ArrayList.forEach(ArrayList.java:1597)
... Removed 26 stack frames]]>
    </failure>
  </testcase> <!-- testGettersSettersAccountHolder[SH006] on testGettersSettersAccountHolder[SH006](com.mycompany.nhom09.lop02.BankAccountTest$GettersSettersAccountHolderTest) -->
  <testcase classname="com.mycompany.nhom09.lop02.BankAccountTest$GettersSettersAccountHolderTest" name="testGettersSettersAccountHolder[SH007] on testGettersSettersAccountHolder[SH007](com.mycompany.nhom09.lop02.BankAccountTest$GettersSettersAccountHolderTest)" time="0.067"/>
  <testcase classname="com.mycompany.nhom09.lop02.BankAccountTest$GettersSettersAccountHolderTest" name="testGettersSettersAccountHolder[SH008] on testGettersSettersAccountHolder[SH008](com.mycompany.nhom09.lop02.BankAccountTest$GettersSettersAccountHolderTest)" time="0.07"/>
  <testcase classname="com.mycompany.nhom09.lop02.BankAccountTest$GettersSettersAccountNumberTest" name="testGettersSettersAccountNumber[SN005] on testGettersSettersAccountNumber[SN005](com.mycompany.nhom09.lop02.BankAccountTest$GettersSettersAccountNumberTest)" time="0.077"/>
  <testcase classname="com.mycompany.nhom09.lop02.BankAccountTest$GettersSettersAccountNumberTest" name="testGettersSettersAccountNumber[SN006] on testGettersSettersAccountNumber[SN006](com.mycompany.nhom09.lop02.BankAccountTest$GettersSettersAccountNumberTest)" time="0.078"/>
  <testcase classname="com.mycompany.nhom09.lop02.BankAccountTest$GettersSettersAccountNumberTest" name="testGettersSettersAccountNumber[SN007] on testGettersSettersAccountNumber[SN007](com.mycompany.nhom09.lop02.BankAccountTest$GettersSettersAccountNumberTest)" time="0.079"/>
  <testcase classname="com.mycompany.nhom09.lop02.BankAccountTest$GettersSettersAccountNumberTest" name="testGettersSettersAccountNumber[SN008] on testGettersSettersAccountNumber[SN008](com.mycompany.nhom09.lop02.BankAccountTest$GettersSettersAccountNumberTest)" time="0.081"/>
  <testcase classname="com.mycompany.nhom09.lop02.BankAccountTest$GettersSettersBalanceTest" name="testGettersSettersBalance[BL001] on testGettersSettersBalance[BL001](com.mycompany.nhom09.lop02.BankAccountTest$GettersSettersBalanceTest)" time="0.085"/>
  <testcase classname="com.mycompany.nhom09.lop02.BankAccountTest$GettersSettersBalanceTest" name="testGettersSettersBalance[BL002] on testGettersSettersBalance[BL002](com.mycompany.nhom09.lop02.BankAccountTest$GettersSettersBalanceTest)" time="0.087"/>
  <testcase classname="com.mycompany.nhom09.lop02.BankAccountTest$GettersSettersBalanceTest" name="testGettersSettersBalance[BL003] on testGettersSettersBalance[BL003](com.mycompany.nhom09.lop02.BankAccountTest$GettersSettersBalanceTest)" time="0.088">
    <failure type="java.lang.IllegalArgumentException" message="argument type mismatch">
      <![CDATA[java.lang.IllegalArgumentException: argument type mismatch
at org.junit.runners.parameterized.BlockJUnit4ClassRunnerWithParameters.createTestUsingConstructorInjection(BlockJUnit4ClassRunnerWithParameters.java:56)
at org.junit.runners.parameterized.BlockJUnit4ClassRunnerWithParameters.createTest(BlockJUnit4ClassRunnerWithParameters.java:46)
at org.junit.runners.BlockJUnit4ClassRunner.createTest(BlockJUnit4ClassRunner.java:260)
at org.junit.runners.BlockJUnit4ClassRunner$2.runReflectiveCall(BlockJUnit4ClassRunner.java:309)
at org.junit.internal.runners.model.ReflectiveCallable.run(ReflectiveCallable.java:12)
at org.junit.runners.BlockJUnit4ClassRunner.methodBlock(BlockJUnit4ClassRunner.java:306)
at org.junit.runners.BlockJUnit4ClassRunner$1.evaluate(BlockJUnit4ClassRunner.java:100)
at org.junit.runners.ParentRunner.runLeaf(ParentRunner.java:366)
at org.junit.runners.BlockJUnit4ClassRunner.runChild(BlockJUnit4ClassRunner.java:103)
at org.junit.runners.BlockJUnit4ClassRunner.runChild(BlockJUnit4ClassRunner.java:63)
at org.junit.runners.ParentRunner$4.run(ParentRunner.java:331)
at org.junit.runners.ParentRunner$1.schedule(ParentRunner.java:79)
at org.junit.runners.ParentRunner.runChildren(ParentRunner.java:329)
at org.junit.runners.ParentRunner.access$100(ParentRunner.java:66)
at org.junit.runners.ParentRunner$2.evaluate(ParentRunner.java:293)
at org.junit.runners.ParentRunner.run(ParentRunner.java:413)
at org.junit.runners.Suite.runChild(Suite.java:128)
at org.junit.runners.Suite.runChild(Suite.java:27)
at org.junit.runners.ParentRunner$4.run(ParentRunner.java:331)
at org.junit.runners.ParentRunner$1.schedule(ParentRunner.java:79)
at org.junit.runners.ParentRunner.runChildren(ParentRunner.java:329)
at org.junit.runners.ParentRunner.access$100(ParentRunner.java:66)
at org.junit.runners.ParentRunner$2.evaluate(ParentRunner.java:293)
at org.junit.internal.runners.statements.RunBefores.evaluate(RunBefores.java:26)
at org.junit.internal.runners.statements.RunAfters.evaluate(RunAfters.java:27)
at org.junit.runners.ParentRunner$3.evaluate(ParentRunner.java:306)
at org.junit.runners.ParentRunner.run(ParentRunner.java:413)
at org.junit.runners.Suite.runChild(Suite.java:128)
at org.junit.runners.Suite.runChild(Suite.java:27)
at org.junit.runners.ParentRunner$4.run(ParentRunner.java:331)
at org.junit.runners.ParentRunner$1.schedule(ParentRunner.java:79)
at org.junit.runners.ParentRunner.runChildren(ParentRunner.java:329)
at org.junit.runners.ParentRunner.access$100(ParentRunner.java:66)
at org.junit.runners.ParentRunner$2.evaluate(ParentRunner.java:293)
at org.junit.internal.runners.statements.RunBefores.evaluate(RunBefores.java:26)
at org.junit.runners.ParentRunner$3.evaluate(ParentRunner.java:306)
at org.junit.runners.ParentRunner.run(ParentRunner.java:413)
at org.junit.runner.JUnitCore.run(JUnitCore.java:137)
at org.junit.runner.JUnitCore.run(JUnitCore.java:115)
at java.base/java.util.ArrayList.forEach(ArrayList.java:1597)
Caused by: java.lang.ClassCastException: class java.lang.String cannot be cast to class java.lang.Number (java.lang.String and java.lang.Number are in module java.base of loader 'bootstrap')
at java.base/sun.invoke.util.ValueConversions.primitiveConversion(ValueConversions.java:247)
at java.base/sun.invoke.util.ValueConversions.unboxDouble(ValueConversions.java:144)
... 66 more
... Removed 28 stack frames]]>
    </failure>
  </testcase> <!-- testGettersSettersBalance[BL003] on testGettersSettersBalance[BL003](com.mycompany.nhom09.lop02.BankAccountTest$GettersSettersBalanceTest) -->
  <testcase classname="com.mycompany.nhom09.lop02.BankAccountTest$DepositTest" name="testDeposit[DP005] on testDeposit[DP005](com.mycompany.nhom09.lop02.BankAccountTest$DepositTest)" time="0.089"/>
  <testcase classname="com.mycompany.nhom09.lop02.BankAccountTest$DepositTest" name="testDeposit[DP006] on testDeposit[DP006](com.mycompany.nhom09.lop02.BankAccountTest$DepositTest)" time="0.09">
    <failure type="java.lang.AssertionError" message="Ngoại lệ mong đợi: java.lang.IllegalArgumentException, nhưng nhận được: java.lang.IllegalArgumentException với thông báo: Số tiền gửi phải khác 0.">
      <![CDATA[java.lang.AssertionError: Ngoại lệ mong đợi: java.lang.IllegalArgumentException, nhưng nhận được: java.lang.IllegalArgumentException với thông báo: Số tiền gửi phải khác 0.
at org.junit.Assert.fail(Assert.java:89)
at org.junit.Assert.assertTrue(Assert.java:42)
at com.mycompany.nhom09.lop02.BankAccountTest$DepositTest.testDeposit(BankAccountTest.java:400)
at org.junit.runners.model.FrameworkMethod$1.runReflectiveCall(FrameworkMethod.java:59)
at org.junit.internal.runners.model.ReflectiveCallable.run(ReflectiveCallable.java:12)
at org.junit.runners.model.FrameworkMethod.invokeExplosively(FrameworkMethod.java:56)
at org.junit.internal.runners.statements.InvokeMethod.evaluate(InvokeMethod.java:17)
at org.junit.internal.runners.statements.RunBefores.evaluate(RunBefores.java:26)
at org.junit.internal.runners.statements.RunAfters.evaluate(RunAfters.java:27)
at org.junit.runners.ParentRunner$3.evaluate(ParentRunner.java:306)
at org.junit.runners.BlockJUnit4ClassRunner$1.evaluate(BlockJUnit4ClassRunner.java:100)
at org.junit.runners.ParentRunner.runLeaf(ParentRunner.java:366)
at org.junit.runners.BlockJUnit4ClassRunner.runChild(BlockJUnit4ClassRunner.java:103)
at org.junit.runners.BlockJUnit4ClassRunner.runChild(BlockJUnit4ClassRunner.java:63)
at org.junit.runners.ParentRunner$4.run(ParentRunner.java:331)
at org.junit.runners.ParentRunner$1.schedule(ParentRunner.java:79)
at org.junit.runners.ParentRunner.runChildren(ParentRunner.java:329)
at org.junit.runners.ParentRunner.access$100(ParentRunner.java:66)
at org.junit.runners.ParentRunner$2.evaluate(ParentRunner.java:293)
at org.junit.runners.ParentRunner.run(ParentRunner.java:413)
at org.junit.runners.Suite.runChild(Suite.java:128)
at org.junit.runners.Suite.runChild(Suite.java:27)
at org.junit.runners.ParentRunner$4.run(ParentRunner.java:331)
at org.junit.runners.ParentRunner$1.schedule(ParentRunner.java:79)
at org.junit.runners.ParentRunner.runChildren(ParentRunner.java:329)
at org.junit.runners.ParentRunner.access$100(ParentRunner.java:66)
at org.junit.runners.ParentRunner$2.evaluate(ParentRunner.java:293)
at org.junit.runners.ParentRunner$3.evaluate(ParentRunner.java:306)
at org.junit.runners.ParentRunner.run(ParentRunner.java:413)
at org.junit.runners.Suite.runChild(Suite.java:128)
at org.junit.runners.Suite.runChild(Suite.java:27)
at org.junit.runners.ParentRunner$4.run(ParentRunner.java:331)
at org.junit.runners.ParentRunner$1.schedule(ParentRunner.java:79)
at org.junit.runners.ParentRunner.runChildren(ParentRunner.java:329)
at org.junit.runners.ParentRunner.access$100(ParentRunner.java:66)
at org.junit.runners.ParentRunner$2.evaluate(ParentRunner.java:293)
at org.junit.internal.runners.statements.RunBefores.evaluate(RunBefores.java:26)
at org.junit.runners.ParentRunner$3.evaluate(ParentRunner.java:306)
at org.junit.runners.ParentRunner.run(ParentRunner.java:413)
at org.junit.runner.JUnitCore.run(JUnitCore.java:137)
at org.junit.runner.JUnitCore.run(JUnitCore.java:115)
at java.base/java.util.ArrayList.forEach(ArrayList.java:1597)
... Removed 26 stack frames]]>
    </failure>
  </testcase> <!-- testDeposit[DP006] on testDeposit[DP006](com.mycompany.nhom09.lop02.BankAccountTest$DepositTest) -->
  <testcase classname="com.mycompany.nhom09.lop02.BankAccountTest$DepositTest" name="testDeposit[DP007] on testDeposit[DP007](com.mycompany.nhom09.lop02.BankAccountTest$DepositTest)" time="0.091"/>
  <testcase classname="com.mycompany.nhom09.lop02.BankAccountTest$WithdrawTest" name="testWithdraw[WD001] on testWithdraw[WD001](com.mycompany.nhom09.lop02.BankAccountTest$WithdrawTest)" time="0.094"/>
  <testcase classname="com.mycompany.nhom09.lop02.BankAccountTest$WithdrawTest" name="testWithdraw[WD002] on testWithdraw[WD002](com.mycompany.nhom09.lop02.BankAccountTest$WithdrawTest)" time="0.094"/>
  <testcase classname="com.mycompany.nhom09.lop02.BankAccountTest$WithdrawTest" name="testWithdraw[WD003] on testWithdraw[WD003](com.mycompany.nhom09.lop02.BankAccountTest$WithdrawTest)" time="0.095"/>
  <testcase classname="com.mycompany.nhom09.lop02.BankAccountTest$WithdrawTest" name="testWithdraw[WD004] on testWithdraw[WD004](com.mycompany.nhom09.lop02.BankAccountTest$WithdrawTest)" time="0.096"/>
  <testcase classname="com.mycompany.nhom09.lop02.BankAccountTest$WithdrawTest" name="testWithdraw[WD005] on testWithdraw[WD005](com.mycompany.nhom09.lop02.BankAccountTest$WithdrawTest)" time="0.097"/>
  <testcase classname="com.mycompany.nhom09.lop02.BankAccountTest$WithdrawTest" name="testWithdraw[WD006] on testWithdraw[WD006](com.mycompany.nhom09.lop02.BankAccountTest$WithdrawTest)" time="0.098"/>
  <testcase classname="com.mycompany.nhom09.lop02.BankAccountTest$WithdrawTest" name="testWithdraw[WD007] on testWithdraw[WD007](com.mycompany.nhom09.lop02.BankAccountTest$WithdrawTest)" time="0.099"/>
  <testcase classname="com.mycompany.nhom09.lop02.BankAccountTest$WithdrawTest" name="testWithdraw[WD008] on testWithdraw[WD008](com.mycompany.nhom09.lop02.BankAccountTest$WithdrawTest)" time="0.1"/>
  <testcase classname="com.mycompany.nhom09.lop02.BankAccountTest$WithdrawTest" name="testWithdraw[WD009] on testWithdraw[WD009](com.mycompany.nhom09.lop02.BankAccountTest$WithdrawTest)" time="0.1"/>
  <testcase classname="com.mycompany.nhom09.lop02.BankAccountTest$TransferTest" name="testTransfer[TF001] on testTransfer[TF001](com.mycompany.nhom09.lop02.BankAccountTest$TransferTest)" time="0.103"/>
  <testcase classname="com.mycompany.nhom09.lop02.BankAccountTest$TransferTest" name="testTransfer[TF002] on testTransfer[TF002](com.mycompany.nhom09.lop02.BankAccountTest$TransferTest)" time="0.104">
    <failure type="java.lang.AssertionError" message="Kết quả chuyển khoản không khớp expected:&amp;lt;true&amp;gt; but was:&amp;lt;false&amp;gt;">
      <![CDATA[java.lang.AssertionError: Kết quả chuyển khoản không khớp expected:<true> but was:<false>
at org.junit.Assert.fail(Assert.java:89)
at org.junit.Assert.failNotEquals(Assert.java:835)
at org.junit.Assert.assertEquals(Assert.java:120)
at com.mycompany.nhom09.lop02.BankAccountTest$TransferTest.testTransfer(BankAccountTest.java:535)
at org.junit.runners.model.FrameworkMethod$1.runReflectiveCall(FrameworkMethod.java:59)
at org.junit.internal.runners.model.ReflectiveCallable.run(ReflectiveCallable.java:12)
at org.junit.runners.model.FrameworkMethod.invokeExplosively(FrameworkMethod.java:56)
at org.junit.internal.runners.statements.InvokeMethod.evaluate(InvokeMethod.java:17)
at org.junit.internal.runners.statements.RunBefores.evaluate(RunBefores.java:26)
at org.junit.internal.runners.statements.RunAfters.evaluate(RunAfters.java:27)
at org.junit.runners.ParentRunner$3.evaluate(ParentRunner.java:306)
at org.junit.runners.BlockJUnit4ClassRunner$1.evaluate(BlockJUnit4ClassRunner.java:100)
at org.junit.runners.ParentRunner.runLeaf(ParentRunner.java:366)
at org.junit.runners.BlockJUnit4ClassRunner.runChild(BlockJUnit4ClassRunner.java:103)
at org.junit.runners.BlockJUnit4ClassRunner.runChild(BlockJUnit4ClassRunner.java:63)
at org.junit.runners.ParentRunner$4.run(ParentRunner.java:331)
at org.junit.runners.ParentRunner$1.schedule(ParentRunner.java:79)
at org.junit.runners.ParentRunner.runChildren(ParentRunner.java:329)
at org.junit.runners.ParentRunner.access$100(ParentRunner.java:66)
at org.junit.runners.ParentRunner$2.evaluate(ParentRunner.java:293)
at org.junit.runners.ParentRunner.run(ParentRunner.java:413)
at org.junit.runners.Suite.runChild(Suite.java:128)
at org.junit.runners.Suite.runChild(Suite.java:27)
at org.junit.runners.ParentRunner$4.run(ParentRunner.java:331)
at org.junit.runners.ParentRunner$1.schedule(ParentRunner.java:79)
at org.junit.runners.ParentRunner.runChildren(ParentRunner.java:329)
at org.junit.runners.ParentRunner.access$100(ParentRunner.java:66)
at org.junit.runners.ParentRunner$2.evaluate(ParentRunner.java:293)
at org.junit.internal.runners.statements.RunBefores.evaluate(RunBefores.java:26)
at org.junit.internal.runners.statements.RunAfters.evaluate(RunAfters.java:27)
at org.junit.runners.ParentRunner$3.evaluate(ParentRunner.java:306)
at org.junit.runners.ParentRunner.run(ParentRunner.java:413)
at org.junit.runners.Suite.runChild(Suite.java:128)
at org.junit.runners.Suite.runChild(Suite.java:27)
at org.junit.runners.ParentRunner$4.run(ParentRunner.java:331)
at org.junit.runners.ParentRunner$1.schedule(ParentRunner.java:79)
at org.junit.runners.ParentRunner.runChildren(ParentRunner.java:329)
at org.junit.runners.ParentRunner.access$100(ParentRunner.java:66)
at org.junit.runners.ParentRunner$2.evaluate(ParentRunner.java:293)
at org.junit.internal.runners.statements.RunBefores.evaluate(RunBefores.java:26)
at org.junit.runners.ParentRunner$3.evaluate(ParentRunner.java:306)
at org.junit.runners.ParentRunner.run(ParentRunner.java:413)
at org.junit.runner.JUnitCore.run(JUnitCore.java:137)
at org.junit.runner.JUnitCore.run(JUnitCore.java:115)
at java.base/java.util.ArrayList.forEach(ArrayList.java:1597)
... Removed 26 stack frames]]>
    </failure>
  </testcase> <!-- testTransfer[TF002] on testTransfer[TF002](com.mycompany.nhom09.lop02.BankAccountTest$TransferTest) -->
  <testcase classname="com.mycompany.nhom09.lop02.BankAccountTest$TransferTest" name="testTransfer[TF003] on testTransfer[TF003](com.mycompany.nhom09.lop02.BankAccountTest$TransferTest)" time="0.105"/>
  <testcase classname="com.mycompany.nhom09.lop02.BankAccountTest$TransferTest" name="testTransfer[TF004] on testTransfer[TF004](com.mycompany.nhom09.lop02.BankAccountTest$TransferTest)" time="0.106"/>
</testsuite> <!-- Surefire test -->
